#
# There is insufficient memory for the Java Runtime Environment to continue.
# Native memory allocation (malloc) failed to allocate 32744 bytes for Chunk::new
# Possible reasons:
#   The system is out of physical RAM or swap space
#   The process is running with CompressedOops enabled, and the Java Heap may be blocking the growth of the native heap
# Possible solutions:
#   Reduce memory load on the system
#   Increase physical memory or swap space
#   Check if swap backing store is full
#   Decrease Java heap size (-Xmx/-Xms)
#   Decrease number of Java threads
#   Decrease Java thread stack sizes (-Xss)
#   Set larger code cache with -XX:ReservedCodeCacheSize=
#   JVM is running with Zero Based Compressed Oops mode in which the Java heap is
#     placed in the first 32GB address space. The Java Heap base address is the
#     maximum limit for the native heap growth. Please use -XX:HeapBaseMinAddress
#     to set the Java Heap base and to place the Java Heap above 32GB virtual address.
# This output file may be truncated or incomplete.
#
#  Out of Memory Error (arena.cpp:184), pid=9996, tid=14548
#
# JRE version: OpenJDK Runtime Environment (18.0.1.1+2) (build 18.0.1.1+2-6)
# Java VM: OpenJDK 64-Bit Server VM (18.0.1.1+2-6, mixed mode, sharing, tiered, compressed oops, compressed class ptrs, g1 gc, windows-amd64)
# No core dump will be written. Minidumps are not enabled by default on client versions of Windows
#

---------------  S U M M A R Y ------------

Command Line: -javaagent:E:\Самая новая Идея\IntelliJ IDEA 2022.1.3\lib\idea_rt.jar=57926:E:\Самая новая Идея\IntelliJ IDEA 2022.1.3\bin -Dfile.encoding=windows-1251 hiber.MainApp

Host: Intel(R) Core(TM) i7-10750H CPU @ 2.60GHz, 12 cores, 15G,  Windows 10 , 64 bit Build 19041 (10.0.19041.1889)
Time: Wed Aug 24 22:53:37 2022 RTZ 2 (s 10 , 64 bit Build 19041 (10.0.19041.1889) elapsed time: 0.559475 seconds (0d 0h 0m 0s)

---------------  T H R E A D  ---------------

Current thread (0x00000198ffabc6a0):  JavaThread "C2 CompilerThread0" daemon [_thread_in_native, id=14548, stack(0x0000001ba4800000,0x0000001ba4900000)]


Current CompileTask:
C2:    559  786       4       java.lang.String::substring (58 bytes)

Stack: [0x0000001ba4800000,0x0000001ba4900000]
Native frames: (J=compiled Java code, j=interpreted, Vv=VM code, C=native code)
V  [jvm.dll+0x69887a]
V  [jvm.dll+0x7f38bd]
V  [jvm.dll+0x7f51ce]
V  [jvm.dll+0x7f5883]
V  [jvm.dll+0x25ca3f]
V  [jvm.dll+0xb8c2f]
V  [jvm.dll+0xb8fa5]
V  [jvm.dll+0x1325ff]
V  [jvm.dll+0x626342]
V  [jvm.dll+0x62a99c]
V  [jvm.dll+0x22fa98]
V  [jvm.dll+0x22eff1]
V  [jvm.dll+0x1b9cfc]
V  [jvm.dll+0x23e8ca]
V  [jvm.dll+0x23cbb5]
V  [jvm.dll+0x7a5fb1]
V  [jvm.dll+0x7a03ea]
V  [jvm.dll+0x697725]
C  [ucrtbase.dll+0x21bb2]
C  [KERNEL32.DLL+0x17034]
C  [ntdll.dll+0x52651]


---------------  P R O C E S S  ---------------

Threads class SMR info:
_java_thread_list=0x000001988e2512b0, length=14, elements={
0x00000198e68143f0, 0x00000198ffa92fe0, 0x00000198ffa93c40, 0x00000198ffaab390,
0x00000198ffaabd80, 0x00000198ffaacbf0, 0x00000198ffaac250, 0x00000198ffabc6a0,
0x00000198ffac0d60, 0x00000198ffac4990, 0x00000198ffaae400, 0x00000198ffaaf270,
0x00000198ffaad590, 0x00000198ffac1780
}

Java Threads: ( => current thread )
  0x00000198e68143f0 JavaThread "main" [_thread_in_vm, id=15120, stack(0x0000001ba3b00000,0x0000001ba3c00000)]
  0x00000198ffa92fe0 JavaThread "Reference Handler" daemon [_thread_blocked, id=8532, stack(0x0000001ba4200000,0x0000001ba4300000)]
  0x00000198ffa93c40 JavaThread "Finalizer" daemon [_thread_blocked, id=21656, stack(0x0000001ba4300000,0x0000001ba4400000)]
  0x00000198ffaab390 JavaThread "Signal Dispatcher" daemon [_thread_blocked, id=13984, stack(0x0000001ba4400000,0x0000001ba4500000)]
  0x00000198ffaabd80 JavaThread "Attach Listener" daemon [_thread_blocked, id=5064, stack(0x0000001ba4500000,0x0000001ba4600000)]
  0x00000198ffaacbf0 JavaThread "Service Thread" daemon [_thread_blocked, id=5676, stack(0x0000001ba4600000,0x0000001ba4700000)]
  0x00000198ffaac250 JavaThread "Monitor Deflation Thread" daemon [_thread_blocked, id=16080, stack(0x0000001ba4700000,0x0000001ba4800000)]
=>0x00000198ffabc6a0 JavaThread "C2 CompilerThread0" daemon [_thread_in_native, id=14548, stack(0x0000001ba4800000,0x0000001ba4900000)]
  0x00000198ffac0d60 JavaThread "C1 CompilerThread0" daemon [_thread_blocked, id=19368, stack(0x0000001ba4900000,0x0000001ba4a00000)]
  0x00000198ffac4990 JavaThread "Sweeper thread" daemon [_thread_blocked, id=20968, stack(0x0000001ba4a00000,0x0000001ba4b00000)]
  0x00000198ffaae400 JavaThread "Common-Cleaner" daemon [_thread_blocked, id=14276, stack(0x0000001ba4b00000,0x0000001ba4c00000)]
  0x00000198ffaaf270 JavaThread "Monitor Ctrl-Break" daemon [_thread_in_native, id=456, stack(0x0000001ba4c00000,0x0000001ba4d00000)]
  0x00000198ffaad590 JavaThread "Notification Thread" daemon [_thread_blocked, id=1148, stack(0x0000001ba4d00000,0x0000001ba4e00000)]
  0x00000198ffac1780 JavaThread "C2 CompilerThread1" daemon [_thread_in_native, id=22440, stack(0x0000001ba4f00000,0x0000001ba5000000)]

Other Threads:
  0x00000198ffa8dbd0 VMThread "VM Thread" [stack: 0x0000001ba4100000,0x0000001ba4200000] [id=15492]
  0x000001988e109010 WatcherThread "VM Periodic Task Thread" [stack: 0x0000001ba4e00000,0x0000001ba4f00000] [id=12360]
  0x00000198e6887700 WorkerThread "GC Thread#0" [stack: 0x0000001ba3c00000,0x0000001ba3d00000] [id=15148]
  0x00000198e6899340 ConcurrentGCThread "G1 Main Marker" [stack: 0x0000001ba3d00000,0x0000001ba3e00000] [id=6228]
  0x00000198e6899d30 WorkerThread "G1 Conc#0" [stack: 0x0000001ba3e00000,0x0000001ba3f00000] [id=8288]
  0x00000198e68de590 ConcurrentGCThread "G1 Refine#0" [stack: 0x0000001ba3f00000,0x0000001ba4000000] [id=19580]
  0x00000198ff949140 ConcurrentGCThread "G1 Service" [stack: 0x0000001ba4000000,0x0000001ba4100000] [id=14924]

Threads with active compile tasks:
C2 CompilerThread0      601  786       4       java.lang.String::substring (58 bytes)
C2 CompilerThread1      601  788 %     4       sun.net.www.ParseUtil::firstEncodeIndex @ 7 (86 bytes)

VM state: not at safepoint (normal execution)

VM Mutex/Monitor currently owned by a thread:  ([mutex/lock_event])
[0x00000198e6801e70] Metaspace_lock - owner thread: 0x00000198e68143f0

Heap address: 0x0000000703000000, size: 4048 MB, Compressed Oops mode: Zero based, Oop shift amount: 3

CDS archive(s) mapped at: [0x0000000800000000-0x0000000800b90000-0x0000000800b90000), size 12124160, SharedBaseAddress: 0x0000000800000000, ArchiveRelocationMode: 0.
Compressed class space mapped at: 0x0000000800c00000-0x0000000840c00000, reserved size: 1073741824
Narrow klass base: 0x0000000800000000, Narrow klass shift: 0, Narrow klass range: 0x100000000

GC Precious Log:
 CardTable entry size: 512
 Card Set container configuration: InlinePtr #cards 4 size 8 Array Of Cards #cards 16 size 48 Howl #buckets 8 coarsen threshold 3686 Howl Bitmap #cards 512 size 80 coarsen threshold 460 Card regions per heap region 1 cards per card region 4096
 CPUs: 12 total, 12 available
 Memory: 16185M
 Large Page Support: Disabled
 NUMA Support: Disabled
 Compressed Oops: Enabled (Zero based)
 Heap Region Size: 2M
 Heap Min Capacity: 8M
 Heap Initial Capacity: 254M
 Heap Max Capacity: 4048M
 Pre-touch: Disabled
 Parallel Workers: 10
 Concurrent Workers: 3
 Concurrent Refinement Workers: 10
 Periodic GC: Disabled

Heap:
 garbage-first heap   total 260096K, used 12288K [0x0000000703000000, 0x0000000800000000)
  region size 2048K, 7 young (14336K), 0 survivors (0K)
 Metaspace       used 3838K, committed 3968K, reserved 1114112K
  class space    used 434K, committed 512K, reserved 1048576K

Heap Regions: E=young(eden), S=young(survivor), O=old, HS=humongous(starts), HC=humongous(continues), CS=collection set, F=free, OA=open archive, CA=closed archive, TAMS=top-at-mark-start (previous, next)
|   0|0x0000000703000000, 0x0000000703000000, 0x0000000703200000|  0%| F|  |TAMS 0x0000000703000000, 0x0000000703000000| Untracked 
|   1|0x0000000703200000, 0x0000000703200000, 0x0000000703400000|  0%| F|  |TAMS 0x0000000703200000, 0x0000000703200000| Untracked 
|   2|0x0000000703400000, 0x0000000703400000, 0x0000000703600000|  0%| F|  |TAMS 0x0000000703400000, 0x0000000703400000| Untracked 
|   3|0x0000000703600000, 0x0000000703600000, 0x0000000703800000|  0%| F|  |TAMS 0x0000000703600000, 0x0000000703600000| Untracked 
|   4|0x0000000703800000, 0x0000000703800000, 0x0000000703a00000|  0%| F|  |TAMS 0x0000000703800000, 0x0000000703800000| Untracked 
|   5|0x0000000703a00000, 0x0000000703a00000, 0x0000000703c00000|  0%| F|  |TAMS 0x0000000703a00000, 0x0000000703a00000| Untracked 
|   6|0x0000000703c00000, 0x0000000703c00000, 0x0000000703e00000|  0%| F|  |TAMS 0x0000000703c00000, 0x0000000703c00000| Untracked 
|   7|0x0000000703e00000, 0x0000000703e00000, 0x0000000704000000|  0%| F|  |TAMS 0x0000000703e00000, 0x0000000703e00000| Untracked 
|   8|0x0000000704000000, 0x0000000704000000, 0x0000000704200000|  0%| F|  |TAMS 0x0000000704000000, 0x0000000704000000| Untracked 
|   9|0x0000000704200000, 0x0000000704200000, 0x0000000704400000|  0%| F|  |TAMS 0x0000000704200000, 0x0000000704200000| Untracked 
|  10|0x0000000704400000, 0x0000000704400000, 0x0000000704600000|  0%| F|  |TAMS 0x0000000704400000, 0x0000000704400000| Untracked 
|  11|0x0000000704600000, 0x0000000704600000, 0x0000000704800000|  0%| F|  |TAMS 0x0000000704600000, 0x0000000704600000| Untracked 
|  12|0x0000000704800000, 0x0000000704800000, 0x0000000704a00000|  0%| F|  |TAMS 0x0000000704800000, 0x0000000704800000| Untracked 
|  13|0x0000000704a00000, 0x0000000704a00000, 0x0000000704c00000|  0%| F|  |TAMS 0x0000000704a00000, 0x0000000704a00000| Untracked 
|  14|0x0000000704c00000, 0x0000000704c00000, 0x0000000704e00000|  0%| F|  |TAMS 0x0000000704c00000, 0x0000000704c00000| Untracked 
|  15|0x0000000704e00000, 0x0000000704e00000, 0x0000000705000000|  0%| F|  |TAMS 0x0000000704e00000, 0x0000000704e00000| Untracked 
|  16|0x0000000705000000, 0x0000000705000000, 0x0000000705200000|  0%| F|  |TAMS 0x0000000705000000, 0x0000000705000000| Untracked 
|  17|0x0000000705200000, 0x0000000705200000, 0x0000000705400000|  0%| F|  |TAMS 0x0000000705200000, 0x0000000705200000| Untracked 
|  18|0x0000000705400000, 0x0000000705400000, 0x0000000705600000|  0%| F|  |TAMS 0x0000000705400000, 0x0000000705400000| Untracked 
|  19|0x0000000705600000, 0x0000000705600000, 0x0000000705800000|  0%| F|  |TAMS 0x0000000705600000, 0x0000000705600000| Untracked 
|  20|0x0000000705800000, 0x0000000705800000, 0x0000000705a00000|  0%| F|  |TAMS 0x0000000705800000, 0x0000000705800000| Untracked 
|  21|0x0000000705a00000, 0x0000000705a00000, 0x0000000705c00000|  0%| F|  |TAMS 0x0000000705a00000, 0x0000000705a00000| Untracked 
|  22|0x0000000705c00000, 0x0000000705c00000, 0x0000000705e00000|  0%| F|  |TAMS 0x0000000705c00000, 0x0000000705c00000| Untracked 
|  23|0x0000000705e00000, 0x0000000705e00000, 0x0000000706000000|  0%| F|  |TAMS 0x0000000705e00000, 0x0000000705e00000| Untracked 
|  24|0x0000000706000000, 0x0000000706000000, 0x0000000706200000|  0%| F|  |TAMS 0x0000000706000000, 0x0000000706000000| Untracked 
|  25|0x0000000706200000, 0x0000000706200000, 0x0000000706400000|  0%| F|  |TAMS 0x0000000706200000, 0x0000000706200000| Untracked 
|  26|0x0000000706400000, 0x0000000706400000, 0x0000000706600000|  0%| F|  |TAMS 0x0000000706400000, 0x0000000706400000| Untracked 
|  27|0x0000000706600000, 0x0000000706600000, 0x0000000706800000|  0%| F|  |TAMS 0x0000000706600000, 0x0000000706600000| Untracked 
|  28|0x0000000706800000, 0x0000000706800000, 0x0000000706a00000|  0%| F|  |TAMS 0x0000000706800000, 0x0000000706800000| Untracked 
|  29|0x0000000706a00000, 0x0000000706a00000, 0x0000000706c00000|  0%| F|  |TAMS 0x0000000706a00000, 0x0000000706a00000| Untracked 
|  30|0x0000000706c00000, 0x0000000706c00000, 0x0000000706e00000|  0%| F|  |TAMS 0x0000000706c00000, 0x0000000706c00000| Untracked 
|  31|0x0000000706e00000, 0x0000000706e00000, 0x0000000707000000|  0%| F|  |TAMS 0x0000000706e00000, 0x0000000706e00000| Untracked 
|  32|0x0000000707000000, 0x0000000707000000, 0x0000000707200000|  0%| F|  |TAMS 0x0000000707000000, 0x0000000707000000| Untracked 
|  33|0x0000000707200000, 0x0000000707200000, 0x0000000707400000|  0%| F|  |TAMS 0x0000000707200000, 0x0000000707200000| Untracked 
|  34|0x0000000707400000, 0x0000000707400000, 0x0000000707600000|  0%| F|  |TAMS 0x0000000707400000, 0x0000000707400000| Untracked 
|  35|0x0000000707600000, 0x0000000707600000, 0x0000000707800000|  0%| F|  |TAMS 0x0000000707600000, 0x0000000707600000| Untracked 
|  36|0x0000000707800000, 0x0000000707800000, 0x0000000707a00000|  0%| F|  |TAMS 0x0000000707800000, 0x0000000707800000| Untracked 
|  37|0x0000000707a00000, 0x0000000707a00000, 0x0000000707c00000|  0%| F|  |TAMS 0x0000000707a00000, 0x0000000707a00000| Untracked 
|  38|0x0000000707c00000, 0x0000000707c00000, 0x0000000707e00000|  0%| F|  |TAMS 0x0000000707c00000, 0x0000000707c00000| Untracked 
|  39|0x0000000707e00000, 0x0000000707e00000, 0x0000000708000000|  0%| F|  |TAMS 0x0000000707e00000, 0x0000000707e00000| Untracked 
|  40|0x0000000708000000, 0x0000000708000000, 0x0000000708200000|  0%| F|  |TAMS 0x0000000708000000, 0x0000000708000000| Untracked 
|  41|0x0000000708200000, 0x0000000708200000, 0x0000000708400000|  0%| F|  |TAMS 0x0000000708200000, 0x0000000708200000| Untracked 
|  42|0x0000000708400000, 0x0000000708400000, 0x0000000708600000|  0%| F|  |TAMS 0x0000000708400000, 0x0000000708400000| Untracked 
|  43|0x0000000708600000, 0x0000000708600000, 0x0000000708800000|  0%| F|  |TAMS 0x0000000708600000, 0x0000000708600000| Untracked 
|  44|0x0000000708800000, 0x0000000708800000, 0x0000000708a00000|  0%| F|  |TAMS 0x0000000708800000, 0x0000000708800000| Untracked 
|  45|0x0000000708a00000, 0x0000000708a00000, 0x0000000708c00000|  0%| F|  |TAMS 0x0000000708a00000, 0x0000000708a00000| Untracked 
|  46|0x0000000708c00000, 0x0000000708c00000, 0x0000000708e00000|  0%| F|  |TAMS 0x0000000708c00000, 0x0000000708c00000| Untracked 
|  47|0x0000000708e00000, 0x0000000708e00000, 0x0000000709000000|  0%| F|  |TAMS 0x0000000708e00000, 0x0000000708e00000| Untracked 
|  48|0x0000000709000000, 0x0000000709000000, 0x0000000709200000|  0%| F|  |TAMS 0x0000000709000000, 0x0000000709000000| Untracked 
|  49|0x0000000709200000, 0x0000000709200000, 0x0000000709400000|  0%| F|  |TAMS 0x0000000709200000, 0x0000000709200000| Untracked 
|  50|0x0000000709400000, 0x0000000709400000, 0x0000000709600000|  0%| F|  |TAMS 0x0000000709400000, 0x0000000709400000| Untracked 
|  51|0x0000000709600000, 0x0000000709600000, 0x0000000709800000|  0%| F|  |TAMS 0x0000000709600000, 0x0000000709600000| Untracked 
|  52|0x0000000709800000, 0x0000000709800000, 0x0000000709a00000|  0%| F|  |TAMS 0x0000000709800000, 0x0000000709800000| Untracked 
|  53|0x0000000709a00000, 0x0000000709a00000, 0x0000000709c00000|  0%| F|  |TAMS 0x0000000709a00000, 0x0000000709a00000| Untracked 
|  54|0x0000000709c00000, 0x0000000709c00000, 0x0000000709e00000|  0%| F|  |TAMS 0x0000000709c00000, 0x0000000709c00000| Untracked 
|  55|0x0000000709e00000, 0x0000000709e00000, 0x000000070a000000|  0%| F|  |TAMS 0x0000000709e00000, 0x0000000709e00000| Untracked 
|  56|0x000000070a000000, 0x000000070a000000, 0x000000070a200000|  0%| F|  |TAMS 0x000000070a000000, 0x000000070a000000| Untracked 
|  57|0x000000070a200000, 0x000000070a200000, 0x000000070a400000|  0%| F|  |TAMS 0x000000070a200000, 0x000000070a200000| Untracked 
|  58|0x000000070a400000, 0x000000070a400000, 0x000000070a600000|  0%| F|  |TAMS 0x000000070a400000, 0x000000070a400000| Untracked 
|  59|0x000000070a600000, 0x000000070a600000, 0x000000070a800000|  0%| F|  |TAMS 0x000000070a600000, 0x000000070a600000| Untracked 
|  60|0x000000070a800000, 0x000000070a800000, 0x000000070aa00000|  0%| F|  |TAMS 0x000000070a800000, 0x000000070a800000| Untracked 
|  61|0x000000070aa00000, 0x000000070aa00000, 0x000000070ac00000|  0%| F|  |TAMS 0x000000070aa00000, 0x000000070aa00000| Untracked 
|  62|0x000000070ac00000, 0x000000070ac00000, 0x000000070ae00000|  0%| F|  |TAMS 0x000000070ac00000, 0x000000070ac00000| Untracked 
|  63|0x000000070ae00000, 0x000000070ae00000, 0x000000070b000000|  0%| F|  |TAMS 0x000000070ae00000, 0x000000070ae00000| Untracked 
|  64|0x000000070b000000, 0x000000070b000000, 0x000000070b200000|  0%| F|  |TAMS 0x000000070b000000, 0x000000070b000000| Untracked 
|  65|0x000000070b200000, 0x000000070b200000, 0x000000070b400000|  0%| F|  |TAMS 0x000000070b200000, 0x000000070b200000| Untracked 
|  66|0x000000070b400000, 0x000000070b400000, 0x000000070b600000|  0%| F|  |TAMS 0x000000070b400000, 0x000000070b400000| Untracked 
|  67|0x000000070b600000, 0x000000070b600000, 0x000000070b800000|  0%| F|  |TAMS 0x000000070b600000, 0x000000070b600000| Untracked 
|  68|0x000000070b800000, 0x000000070b800000, 0x000000070ba00000|  0%| F|  |TAMS 0x000000070b800000, 0x000000070b800000| Untracked 
|  69|0x000000070ba00000, 0x000000070ba00000, 0x000000070bc00000|  0%| F|  |TAMS 0x000000070ba00000, 0x000000070ba00000| Untracked 
|  70|0x000000070bc00000, 0x000000070bc00000, 0x000000070be00000|  0%| F|  |TAMS 0x000000070bc00000, 0x000000070bc00000| Untracked 
|  71|0x000000070be00000, 0x000000070be00000, 0x000000070c000000|  0%| F|  |TAMS 0x000000070be00000, 0x000000070be00000| Untracked 
|  72|0x000000070c000000, 0x000000070c000000, 0x000000070c200000|  0%| F|  |TAMS 0x000000070c000000, 0x000000070c000000| Untracked 
|  73|0x000000070c200000, 0x000000070c200000, 0x000000070c400000|  0%| F|  |TAMS 0x000000070c200000, 0x000000070c200000| Untracked 
|  74|0x000000070c400000, 0x000000070c400000, 0x000000070c600000|  0%| F|  |TAMS 0x000000070c400000, 0x000000070c400000| Untracked 
|  75|0x000000070c600000, 0x000000070c600000, 0x000000070c800000|  0%| F|  |TAMS 0x000000070c600000, 0x000000070c600000| Untracked 
|  76|0x000000070c800000, 0x000000070c800000, 0x000000070ca00000|  0%| F|  |TAMS 0x000000070c800000, 0x000000070c800000| Untracked 
|  77|0x000000070ca00000, 0x000000070ca00000, 0x000000070cc00000|  0%| F|  |TAMS 0x000000070ca00000, 0x000000070ca00000| Untracked 
|  78|0x000000070cc00000, 0x000000070cc00000, 0x000000070ce00000|  0%| F|  |TAMS 0x000000070cc00000, 0x000000070cc00000| Untracked 
|  79|0x000000070ce00000, 0x000000070ce00000, 0x000000070d000000|  0%| F|  |TAMS 0x000000070ce00000, 0x000000070ce00000| Untracked 
|  80|0x000000070d000000, 0x000000070d000000, 0x000000070d200000|  0%| F|  |TAMS 0x000000070d000000, 0x000000070d000000| Untracked 
|  81|0x000000070d200000, 0x000000070d200000, 0x000000070d400000|  0%| F|  |TAMS 0x000000070d200000, 0x000000070d200000| Untracked 
|  82|0x000000070d400000, 0x000000070d400000, 0x000000070d600000|  0%| F|  |TAMS 0x000000070d400000, 0x000000070d400000| Untracked 
|  83|0x000000070d600000, 0x000000070d600000, 0x000000070d800000|  0%| F|  |TAMS 0x000000070d600000, 0x000000070d600000| Untracked 
|  84|0x000000070d800000, 0x000000070d800000, 0x000000070da00000|  0%| F|  |TAMS 0x000000070d800000, 0x000000070d800000| Untracked 
|  85|0x000000070da00000, 0x000000070da00000, 0x000000070dc00000|  0%| F|  |TAMS 0x000000070da00000, 0x000000070da00000| Untracked 
|  86|0x000000070dc00000, 0x000000070dc00000, 0x000000070de00000|  0%| F|  |TAMS 0x000000070dc00000, 0x000000070dc00000| Untracked 
|  87|0x000000070de00000, 0x000000070de00000, 0x000000070e000000|  0%| F|  |TAMS 0x000000070de00000, 0x000000070de00000| Untracked 
|  88|0x000000070e000000, 0x000000070e000000, 0x000000070e200000|  0%| F|  |TAMS 0x000000070e000000, 0x000000070e000000| Untracked 
|  89|0x000000070e200000, 0x000000070e200000, 0x000000070e400000|  0%| F|  |TAMS 0x000000070e200000, 0x000000070e200000| Untracked 
|  90|0x000000070e400000, 0x000000070e400000, 0x000000070e600000|  0%| F|  |TAMS 0x000000070e400000, 0x000000070e400000| Untracked 
|  91|0x000000070e600000, 0x000000070e600000, 0x000000070e800000|  0%| F|  |TAMS 0x000000070e600000, 0x000000070e600000| Untracked 
|  92|0x000000070e800000, 0x000000070e800000, 0x000000070ea00000|  0%| F|  |TAMS 0x000000070e800000, 0x000000070e800000| Untracked 
|  93|0x000000070ea00000, 0x000000070ea00000, 0x000000070ec00000|  0%| F|  |TAMS 0x000000070ea00000, 0x000000070ea00000| Untracked 
|  94|0x000000070ec00000, 0x000000070ec00000, 0x000000070ee00000|  0%| F|  |TAMS 0x000000070ec00000, 0x000000070ec00000| Untracked 
|  95|0x000000070ee00000, 0x000000070ee00000, 0x000000070f000000|  0%| F|  |TAMS 0x000000070ee00000, 0x000000070ee00000| Untracked 
|  96|0x000000070f000000, 0x000000070f000000, 0x000000070f200000|  0%| F|  |TAMS 0x000000070f000000, 0x000000070f000000| Untracked 
|  97|0x000000070f200000, 0x000000070f200000, 0x000000070f400000|  0%| F|  |TAMS 0x000000070f200000, 0x000000070f200000| Untracked 
|  98|0x000000070f400000, 0x000000070f400000, 0x000000070f600000|  0%| F|  |TAMS 0x000000070f400000, 0x000000070f400000| Untracked 
|  99|0x000000070f600000, 0x000000070f600000, 0x000000070f800000|  0%| F|  |TAMS 0x000000070f600000, 0x000000070f600000| Untracked 
| 100|0x000000070f800000, 0x000000070f800000, 0x000000070fa00000|  0%| F|  |TAMS 0x000000070f800000, 0x000000070f800000| Untracked 
| 101|0x000000070fa00000, 0x000000070fa00000, 0x000000070fc00000|  0%| F|  |TAMS 0x000000070fa00000, 0x000000070fa00000| Untracked 
| 102|0x000000070fc00000, 0x000000070fc00000, 0x000000070fe00000|  0%| F|  |TAMS 0x000000070fc00000, 0x000000070fc00000| Untracked 
| 103|0x000000070fe00000, 0x000000070fe00000, 0x0000000710000000|  0%| F|  |TAMS 0x000000070fe00000, 0x000000070fe00000| Untracked 
| 104|0x0000000710000000, 0x0000000710000000, 0x0000000710200000|  0%| F|  |TAMS 0x0000000710000000, 0x0000000710000000| Untracked 
| 105|0x0000000710200000, 0x0000000710200000, 0x0000000710400000|  0%| F|  |TAMS 0x0000000710200000, 0x0000000710200000| Untracked 
| 106|0x0000000710400000, 0x0000000710400000, 0x0000000710600000|  0%| F|  |TAMS 0x0000000710400000, 0x0000000710400000| Untracked 
| 107|0x0000000710600000, 0x0000000710600000, 0x0000000710800000|  0%| F|  |TAMS 0x0000000710600000, 0x0000000710600000| Untracked 
| 108|0x0000000710800000, 0x0000000710800000, 0x0000000710a00000|  0%| F|  |TAMS 0x0000000710800000, 0x0000000710800000| Untracked 
| 109|0x0000000710a00000, 0x0000000710a00000, 0x0000000710c00000|  0%| F|  |TAMS 0x0000000710a00000, 0x0000000710a00000| Untracked 
| 110|0x0000000710c00000, 0x0000000710c00000, 0x0000000710e00000|  0%| F|  |TAMS 0x0000000710c00000, 0x0000000710c00000| Untracked 
| 111|0x0000000710e00000, 0x0000000710e00000, 0x0000000711000000|  0%| F|  |TAMS 0x0000000710e00000, 0x0000000710e00000| Untracked 
| 112|0x0000000711000000, 0x0000000711000000, 0x0000000711200000|  0%| F|  |TAMS 0x0000000711000000, 0x0000000711000000| Untracked 
| 113|0x0000000711200000, 0x0000000711200000, 0x0000000711400000|  0%| F|  |TAMS 0x0000000711200000, 0x0000000711200000| Untracked 
| 114|0x0000000711400000, 0x0000000711400000, 0x0000000711600000|  0%| F|  |TAMS 0x0000000711400000, 0x0000000711400000| Untracked 
| 115|0x0000000711600000, 0x0000000711600000, 0x0000000711800000|  0%| F|  |TAMS 0x0000000711600000, 0x0000000711600000| Untracked 
| 116|0x0000000711800000, 0x0000000711800000, 0x0000000711a00000|  0%| F|  |TAMS 0x0000000711800000, 0x0000000711800000| Untracked 
| 117|0x0000000711a00000, 0x0000000711a00000, 0x0000000711c00000|  0%| F|  |TAMS 0x0000000711a00000, 0x0000000711a00000| Untracked 
| 118|0x0000000711c00000, 0x0000000711c00000, 0x0000000711e00000|  0%| F|  |TAMS 0x0000000711c00000, 0x0000000711c00000| Untracked 
| 119|0x0000000711e00000, 0x0000000711e00000, 0x0000000712000000|  0%| F|  |TAMS 0x0000000711e00000, 0x0000000711e00000| Untracked 
| 120|0x0000000712000000, 0x00000007121d5390, 0x0000000712200000| 91%| E|  |TAMS 0x0000000712000000, 0x0000000712000000| Complete 
| 121|0x0000000712200000, 0x0000000712400000, 0x0000000712400000|100%| E|CS|TAMS 0x0000000712200000, 0x0000000712200000| Complete 
| 122|0x0000000712400000, 0x0000000712600000, 0x0000000712600000|100%| E|CS|TAMS 0x0000000712400000, 0x0000000712400000| Complete 
| 123|0x0000000712600000, 0x0000000712800000, 0x0000000712800000|100%| E|CS|TAMS 0x0000000712600000, 0x0000000712600000| Complete 
| 124|0x0000000712800000, 0x0000000712a00000, 0x0000000712a00000|100%| E|CS|TAMS 0x0000000712800000, 0x0000000712800000| Complete 
| 125|0x0000000712a00000, 0x0000000712c00000, 0x0000000712c00000|100%| E|CS|TAMS 0x0000000712a00000, 0x0000000712a00000| Complete 
| 126|0x0000000712c00000, 0x0000000712e00000, 0x0000000712e00000|100%| E|CS|TAMS 0x0000000712c00000, 0x0000000712c00000| Complete 

Card table byte_map: [0x00000198fde90000,0x00000198fe680000] _byte_map_base: 0x00000198fa678000

Marking Bits (Prev, Next): (CMBitMap*) 0x00000198e6888d10, (CMBitMap*) 0x00000198e6888d50
 Prev Bits: [0x0000019880000000, 0x0000019883f40000)
 Next Bits: [0x0000019883f40000, 0x0000019887e80000)

Polling page: 0x00000198e4510000

Metaspace:

Usage:
  Non-class:      3.32 MB used.
      Class:    434.73 KB used.
       Both:      3.75 MB used.

Virtual space:
  Non-class space:       64.00 MB reserved,       3.38 MB (  5%) committed,  1 nodes.
      Class space:        1.00 GB reserved,     512.00 KB ( <1%) committed,  1 nodes.
             Both:        1.06 GB reserved,       3.88 MB ( <1%) committed. 

Chunk freelists:
   Non-Class:  2.11 MB
       Class:  3.44 MB
        Both:  5.55 MB

MaxMetaspaceSize: unlimited
CompressedClassSpaceSize: 1.00 GB
Initial GC threshold: 21.00 MB
Current GC threshold: 21.00 MB
CDS: on
MetaspaceReclaimPolicy: balanced
 - commit_granule_bytes: 65536.
 - commit_granule_words: 8192.
 - virtual_space_node_default_size: 8388608.
 - enlarge_chunks_in_place: 1.
 - new_chunks_are_fully_committed: 0.
 - uncommit_free_chunks: 1.
 - use_allocation_guard: 0.


Internal statistics:

num_allocs_failed_limit: 0.
num_arena_births: 58.
num_arena_deaths: 0.
num_vsnodes_births: 2.
num_vsnodes_deaths: 0.
num_space_committed: 62.
num_space_uncommitted: 0.
num_chunks_returned_to_freelist: 0.
num_chunks_taken_from_freelist: 169.
num_chunk_merges: 0.
num_chunk_splits: 110.
num_chunks_enlarged: 81.
num_inconsistent_stats: 0.

CodeHeap 'non-profiled nmethods': size=120000Kb used=234Kb max_used=234Kb free=119765Kb
 bounds [0x00000198f5c20000, 0x00000198f5e90000, 0x00000198fd150000]
CodeHeap 'profiled nmethods': size=120000Kb used=1336Kb max_used=1336Kb free=118663Kb
 bounds [0x00000198ee6f0000, 0x00000198ee960000, 0x00000198f5c20000]
CodeHeap 'non-nmethods': size=5760Kb used=1138Kb max_used=1164Kb free=4622Kb
 bounds [0x00000198ee150000, 0x00000198ee3c0000, 0x00000198ee6f0000]
 total_blobs=1197 nmethods=786 adapters=324
 compilation: enabled
              stopped_count=0, restarted_count=0
 full_count=0

Compilation events (20 events):
Event: 0.258 Thread 0x00000198ffac0d60  772   !   3       java.util.zip.ZipFile$ZipFileInflaterInputStream::close (67 bytes)
Event: 0.259 Thread 0x00000198ffac0d60 nmethod 772 0x00000198ee825490 code [0x00000198ee8256c0, 0x00000198ee825f38]
Event: 0.259 Thread 0x00000198ffac0d60  773       3       java.util.zip.InflaterInputStream::close (34 bytes)
Event: 0.259 Thread 0x00000198ffac0d60 nmethod 773 0x00000198ee826310 code [0x00000198ee8264c0, 0x00000198ee826778]
Event: 0.259 Thread 0x00000198ffac0d60  774       3       jdk.internal.ref.PhantomCleanable::clean (16 bytes)
Event: 0.259 Thread 0x00000198ffac0d60 nmethod 774 0x00000198ee826890 code [0x00000198ee826a60, 0x00000198ee826d28]
Event: 0.259 Thread 0x00000198ffac0d60  775       3       java.lang.ref.ReferenceQueue::<init> (21 bytes)
Event: 0.259 Thread 0x00000198ffac0d60 nmethod 775 0x00000198ee826e10 code [0x00000198ee826fc0, 0x00000198ee8272b8]
Event: 0.259 Thread 0x00000198ffac0d60  777       3       java.lang.Byte::<init> (10 bytes)
Event: 0.259 Thread 0x00000198ffac0d60 nmethod 777 0x00000198ee827410 code [0x00000198ee8275c0, 0x00000198ee827798]
Event: 0.259 Thread 0x00000198ffac0d60  776       3       java.lang.ref.ReferenceQueue$Lock::<init> (5 bytes)
Event: 0.259 Thread 0x00000198ffac0d60 nmethod 776 0x00000198ee827890 code [0x00000198ee827a20, 0x00000198ee827b78]
Event: 0.259 Thread 0x00000198ffac0d60  778       3       java.lang.Short::<init> (10 bytes)
Event: 0.259 Thread 0x00000198ffac0d60 nmethod 778 0x00000198ee827c10 code [0x00000198ee827dc0, 0x00000198ee827f98]
Event: 0.259 Thread 0x00000198ffac0d60  779       3       java.lang.Long::<init> (10 bytes)
Event: 0.259 Thread 0x00000198ffac0d60 nmethod 779 0x00000198ee828090 code [0x00000198ee828240, 0x00000198ee828418]
Event: 0.259 Thread 0x00000198ffac0d60  780       3       sun.net.www.protocol.file.Handler::parseURL (18 bytes)
Event: 0.260 Thread 0x00000198ffac0d60 nmethod 780 0x00000198ee828510 code [0x00000198ee8286c0, 0x00000198ee828878]
Event: 0.260 Thread 0x00000198ffac0d60  781       3       java.net.URLStreamHandler::parseURL (1124 bytes)
Event: 0.266 Thread 0x00000198ffabc6a0  786       4       java.lang.String::substring (58 bytes)

GC Heap History (0 events):
No events

Deoptimization events (20 events):
Event: 0.207 Thread 0x00000198e68143f0 Uncommon trap: trap_request=0xffffffde fr.pc=0x00000198f5c46d40 relative=0x00000000000004e0
Event: 0.207 Thread 0x00000198e68143f0 Uncommon trap: reason=class_check action=maybe_recompile pc=0x00000198f5c46d40 method=java.util.HashMap.putVal(ILjava/lang/Object;Ljava/lang/Object;ZZ)Ljava/lang/Object; @ 253 c2
Event: 0.207 Thread 0x00000198e68143f0 DEOPT PACKING pc=0x00000198f5c46d40 sp=0x0000001ba3bfec70
Event: 0.207 Thread 0x00000198e68143f0 DEOPT UNPACKING pc=0x00000198ee1a23a3 sp=0x0000001ba3bfec20 mode 2
Event: 0.220 Thread 0x00000198e68143f0 Uncommon trap: trap_request=0xffffffde fr.pc=0x00000198f5c46d40 relative=0x00000000000004e0
Event: 0.220 Thread 0x00000198e68143f0 Uncommon trap: reason=class_check action=maybe_recompile pc=0x00000198f5c46d40 method=java.util.HashMap.putVal(ILjava/lang/Object;Ljava/lang/Object;ZZ)Ljava/lang/Object; @ 253 c2
Event: 0.220 Thread 0x00000198e68143f0 DEOPT PACKING pc=0x00000198f5c46d40 sp=0x0000001ba3bfe290
Event: 0.220 Thread 0x00000198e68143f0 DEOPT UNPACKING pc=0x00000198ee1a23a3 sp=0x0000001ba3bfe240 mode 2
Event: 0.227 Thread 0x00000198e68143f0 Uncommon trap: trap_request=0xffffffde fr.pc=0x00000198f5c46d40 relative=0x00000000000004e0
Event: 0.227 Thread 0x00000198e68143f0 Uncommon trap: reason=class_check action=maybe_recompile pc=0x00000198f5c46d40 method=java.util.HashMap.putVal(ILjava/lang/Object;Ljava/lang/Object;ZZ)Ljava/lang/Object; @ 253 c2
Event: 0.227 Thread 0x00000198e68143f0 DEOPT PACKING pc=0x00000198f5c46d40 sp=0x0000001ba3bfe290
Event: 0.227 Thread 0x00000198e68143f0 DEOPT UNPACKING pc=0x00000198ee1a23a3 sp=0x0000001ba3bfe240 mode 2
Event: 0.227 Thread 0x00000198e68143f0 Uncommon trap: trap_request=0xffffffde fr.pc=0x00000198f5c46d40 relative=0x00000000000004e0
Event: 0.227 Thread 0x00000198e68143f0 Uncommon trap: reason=class_check action=maybe_recompile pc=0x00000198f5c46d40 method=java.util.HashMap.putVal(ILjava/lang/Object;Ljava/lang/Object;ZZ)Ljava/lang/Object; @ 253 c2
Event: 0.227 Thread 0x00000198e68143f0 DEOPT PACKING pc=0x00000198f5c46d40 sp=0x0000001ba3bfe290
Event: 0.227 Thread 0x00000198e68143f0 DEOPT UNPACKING pc=0x00000198ee1a23a3 sp=0x0000001ba3bfe240 mode 2
Event: 0.244 Thread 0x00000198e68143f0 DEOPT PACKING pc=0x00000198ee73d83e sp=0x0000001ba3bfdaf0
Event: 0.244 Thread 0x00000198e68143f0 DEOPT UNPACKING pc=0x00000198ee1a2b43 sp=0x0000001ba3bfcf68 mode 0
Event: 0.244 Thread 0x00000198e68143f0 DEOPT PACKING pc=0x00000198ee74d3fe sp=0x0000001ba3bfdaf0
Event: 0.244 Thread 0x00000198e68143f0 DEOPT UNPACKING pc=0x00000198ee1a2b43 sp=0x0000001ba3bfcf60 mode 0

Classes loaded (20 events):
Event: 0.245 Loading class java/beans/PropertyEditor
Event: 0.245 Loading class java/beans/PropertyEditor done
Event: 0.255 Loading class java/lang/TypeNotPresentException
Event: 0.255 Loading class java/lang/TypeNotPresentException done
Event: 0.259 Loading class java/lang/InstantiationException
Event: 0.259 Loading class java/lang/InstantiationException done
Event: 0.259 Loading class java/lang/Byte$ByteCache
Event: 0.259 Loading class java/lang/Byte$ByteCache done
Event: 0.259 Loading class java/lang/Short$ShortCache
Event: 0.259 Loading class java/lang/Short$ShortCache done
Event: 0.263 Loading class java/lang/IndexOutOfBoundsException
Event: 0.263 Loading class java/lang/IndexOutOfBoundsException done
Event: 0.263 Loading class java/lang/NumberFormatException
Event: 0.263 Loading class java/lang/NumberFormatException done
Event: 0.265 Loading class java/beans/PropertyEditorSupport
Event: 0.265 Loading class java/beans/PropertyEditorSupport done
Event: 0.265 Loading class org/xml/sax/InputSource
Event: 0.265 Loading class org/xml/sax/InputSource done
Event: 0.266 Loading class java/nio/file/FileSystemNotFoundException
Event: 0.266 Loading class java/nio/file/FileSystemNotFoundException done

Classes unloaded (0 events):
No events

Classes redefined (0 events):
No events

Internal exceptions (10 events):
Event: 0.089 Thread 0x00000198e68143f0 Exception <a 'java/lang/NoSuchMethodError'{0x0000000712898be8}: 'void java.lang.invoke.DirectMethodHandle$Holder.invokeStatic(java.lang.Object, java.lang.Object, java.lang.Object)'> (0x0000000712898be8) 
thrown [s\open\src\hotspot\share\interpreter\linkResolver.cpp, line 766]
Event: 0.092 Thread 0x00000198e68143f0 Exception <a 'java/lang/NoSuchMethodError'{0x00000007128b1900}: 'java.lang.Object java.lang.invoke.Invokers$Holder.invokeExact_MT(java.lang.Object, java.lang.Object, java.lang.Object, java.lang.Object, java.lang.Object)'> (0x00000007128b1900) 
thrown [s\open\src\hotspot\share\interpreter\linkResolver.cpp, line 766]
Event: 0.100 Thread 0x00000198ffaaf270 Exception <a 'java/lang/NoSuchMethodError'{0x00000007128fc4c8}: 'void java.lang.invoke.DirectMethodHandle$Holder.invokeStatic(java.lang.Object, java.lang.Object)'> (0x00000007128fc4c8) 
thrown [s\open\src\hotspot\share\interpreter\linkResolver.cpp, line 766]
Event: 0.185 Thread 0x00000198e68143f0 Exception <a 'java/lang/NoSuchMethodError'{0x0000000712562ce8}: 'java.lang.Object java.lang.invoke.DirectMethodHandle$Holder.newInvokeSpecial(java.lang.Object, java.lang.Object, java.lang.Object, java.lang.Object, java.lang.Object)'> (0x0000000712562ce8) 
thrown [s\open\src\hotspot\share\interpreter\linkResolver.cpp, line 766]
Event: 0.210 Thread 0x00000198e68143f0 Exception <a 'java/lang/NoSuchMethodError'{0x0000000712277288}: 'int java.lang.invoke.DirectMethodHandle$Holder.invokeStaticInit(java.lang.Object, java.lang.Object, java.lang.Object)'> (0x0000000712277288) 
thrown [s\open\src\hotspot\share\interpreter\linkResolver.cpp, line 766]
Event: 0.212 Thread 0x00000198e68143f0 Exception <a 'java/lang/NoSuchMethodError'{0x0000000712294c60}: 'int java.lang.invoke.DirectMethodHandle$Holder.invokeStaticInit(java.lang.Object, java.lang.Object)'> (0x0000000712294c60) 
thrown [s\open\src\hotspot\share\interpreter\linkResolver.cpp, line 766]
Event: 0.215 Thread 0x00000198e68143f0 Exception <a 'java/lang/NoSuchMethodError'{0x00000007122bea50}: 'java.lang.Object java.lang.invoke.DirectMethodHandle$Holder.invokeInterface(java.lang.Object, java.lang.Object)'> (0x00000007122bea50) 
thrown [s\open\src\hotspot\share\interpreter\linkResolver.cpp, line 766]
Event: 0.218 Thread 0x00000198e68143f0 Exception <a 'java/lang/NoSuchMethodError'{0x00000007122e7b08}: 'java.lang.Object java.lang.invoke.DirectMethodHandle$Holder.invokeVirtual(java.lang.Object, java.lang.Object, java.lang.Object)'> (0x00000007122e7b08) 
thrown [s\open\src\hotspot\share\interpreter\linkResolver.cpp, line 766]
Event: 0.231 Thread 0x00000198e68143f0 Exception <a 'java/lang/NoSuchMethodError'{0x00000007123ab348}: 'int java.lang.invoke.DirectMethodHandle$Holder.invokeInterface(java.lang.Object, java.lang.Object)'> (0x00000007123ab348) 
thrown [s\open\src\hotspot\share\interpreter\linkResolver.cpp, line 766]
Event: 0.236 Thread 0x00000198e68143f0 Exception <a 'java/lang/NoSuchMethodError'{0x00000007123dfff8}: 'int java.lang.invoke.DirectMethodHandle$Holder.invokeSpecial(java.lang.Object, java.lang.Object, java.lang.Object)'> (0x00000007123dfff8) 
thrown [s\open\src\hotspot\share\interpreter\linkResolver.cpp, line 766]

VM Operations (10 events):
Event: 0.047 Executing VM operation: HandshakeAllThreads
Event: 0.047 Executing VM operation: HandshakeAllThreads done
Event: 0.096 Executing VM operation: HandshakeAllThreads
Event: 0.096 Executing VM operation: HandshakeAllThreads done
Event: 0.160 Executing VM operation: HandshakeAllThreads
Event: 0.160 Executing VM operation: HandshakeAllThreads done
Event: 0.230 Executing VM operation: HandshakeAllThreads
Event: 0.230 Executing VM operation: HandshakeAllThreads done
Event: 0.260 Executing VM operation: HandshakeAllThreads
Event: 0.260 Executing VM operation: HandshakeAllThreads done

Events (20 events):
Event: 0.011 Thread 0x00000198e68143f0 Thread added: 0x00000198e68143f0
Event: 0.012 Thread 0x00000198ffa92fe0 Thread added: 0x00000198ffa92fe0
Event: 0.012 Thread 0x00000198ffa93c40 Thread added: 0x00000198ffa93c40
Event: 0.020 Thread 0x00000198ffaab390 Thread added: 0x00000198ffaab390
Event: 0.020 Thread 0x00000198ffaabd80 Thread added: 0x00000198ffaabd80
Event: 0.020 Thread 0x00000198ffaacbf0 Thread added: 0x00000198ffaacbf0
Event: 0.020 Thread 0x00000198ffaac250 Thread added: 0x00000198ffaac250
Event: 0.020 Thread 0x00000198ffabc6a0 Thread added: 0x00000198ffabc6a0
Event: 0.020 Thread 0x00000198ffac0d60 Thread added: 0x00000198ffac0d60
Event: 0.021 Thread 0x00000198ffac4990 Thread added: 0x00000198ffac4990
Event: 0.043 Thread 0x00000198ffaae400 Thread added: 0x00000198ffaae400
Event: 0.055 Loaded shared library C:\Users\Syrax\.jdks\openjdk-18.0.1.1\bin\zip.dll
Event: 0.057 Loaded shared library C:\Users\Syrax\.jdks\openjdk-18.0.1.1\bin\instrument.dll
Event: 0.060 Loaded shared library C:\Users\Syrax\.jdks\openjdk-18.0.1.1\bin\net.dll
Event: 0.062 Loaded shared library C:\Users\Syrax\.jdks\openjdk-18.0.1.1\bin\nio.dll
Event: 0.066 Loaded shared library C:\Users\Syrax\.jdks\openjdk-18.0.1.1\bin\zip.dll
Event: 0.094 Thread 0x00000198ffaaf270 Thread added: 0x00000198ffaaf270
Event: 0.094 Thread 0x00000198ffaad590 Thread added: 0x00000198ffaad590
Event: 0.096 Loaded shared library C:\Users\Syrax\.jdks\openjdk-18.0.1.1\bin\jimage.dll
Event: 0.245 Thread 0x00000198ffac1780 Thread added: 0x00000198ffac1780


Dynamic libraries:
0x00007ff672410000 - 0x00007ff67241e000 	C:\Users\Syrax\.jdks\openjdk-18.0.1.1\bin\java.exe
0x00007ff9e0990000 - 0x00007ff9e0b88000 	C:\WINDOWS\SYSTEM32\ntdll.dll
0x00007ff9e0350000 - 0x00007ff9e040d000 	C:\WINDOWS\System32\KERNEL32.DLL
0x00007ff9de240000 - 0x00007ff9de50e000 	C:\WINDOWS\System32\KERNELBASE.dll
0x00007ff9de840000 - 0x00007ff9de940000 	C:\WINDOWS\System32\ucrtbase.dll
0x00007ff9d5d30000 - 0x00007ff9d5d47000 	C:\Users\Syrax\.jdks\openjdk-18.0.1.1\bin\jli.dll
0x00007ff9d4eb0000 - 0x00007ff9d4eca000 	C:\Users\Syrax\.jdks\openjdk-18.0.1.1\bin\VCRUNTIME140.dll
0x00007ff9df560000 - 0x00007ff9df700000 	C:\WINDOWS\System32\USER32.dll
0x00007ff9de0b0000 - 0x00007ff9de0d2000 	C:\WINDOWS\System32\win32u.dll
0x00007ff9df310000 - 0x00007ff9df33a000 	C:\WINDOWS\System32\GDI32.dll
0x00007ff9b1040000 - 0x00007ff9b12da000 	C:\WINDOWS\WinSxS\amd64_microsoft.windows.common-controls_6595b64144ccf1df_6.0.19041.1110_none_60b5254171f9507e\COMCTL32.dll
0x00007ff9de650000 - 0x00007ff9de75b000 	C:\WINDOWS\System32\gdi32full.dll
0x00007ff9df210000 - 0x00007ff9df2ae000 	C:\WINDOWS\System32\msvcrt.dll
0x00007ff9de510000 - 0x00007ff9de5ad000 	C:\WINDOWS\System32\msvcp_win.dll
0x00007ff9e0410000 - 0x00007ff9e0440000 	C:\WINDOWS\System32\IMM32.DLL
0x00007ff9d83c0000 - 0x00007ff9d83cc000 	C:\Users\Syrax\.jdks\openjdk-18.0.1.1\bin\vcruntime140_1.dll
0x00007ff9be810000 - 0x00007ff9be89d000 	C:\Users\Syrax\.jdks\openjdk-18.0.1.1\bin\msvcp140.dll
0x00007ff98e490000 - 0x00007ff98f0a0000 	C:\Users\Syrax\.jdks\openjdk-18.0.1.1\bin\server\jvm.dll
0x00007ff9df020000 - 0x00007ff9df0ce000 	C:\WINDOWS\System32\ADVAPI32.dll
0x00007ff9df150000 - 0x00007ff9df1ec000 	C:\WINDOWS\System32\sechost.dll
0x00007ff9df700000 - 0x00007ff9df825000 	C:\WINDOWS\System32\RPCRT4.dll
0x00007ff9df1f0000 - 0x00007ff9df1f8000 	C:\WINDOWS\System32\PSAPI.DLL
0x00007ff9dcc10000 - 0x00007ff9dcc37000 	C:\WINDOWS\SYSTEM32\WINMM.dll
0x00007ff9da4a0000 - 0x00007ff9da4a9000 	C:\WINDOWS\SYSTEM32\WSOCK32.dll
0x00007ff9d86e0000 - 0x00007ff9d86ea000 	C:\WINDOWS\SYSTEM32\VERSION.dll
0x00007ff9dff80000 - 0x00007ff9dffeb000 	C:\WINDOWS\System32\WS2_32.dll
0x00007ff9dc440000 - 0x00007ff9dc452000 	C:\WINDOWS\SYSTEM32\kernel.appcore.dll
0x00007ff9d81b0000 - 0x00007ff9d81ba000 	C:\Users\Syrax\.jdks\openjdk-18.0.1.1\bin\jimage.dll
0x00007ff9dc1f0000 - 0x00007ff9dc3d4000 	C:\WINDOWS\SYSTEM32\DBGHELP.DLL
0x00007ff9ccc90000 - 0x00007ff9cccbc000 	C:\WINDOWS\SYSTEM32\dbgcore.DLL
0x00007ff9de760000 - 0x00007ff9de7e2000 	C:\WINDOWS\System32\bcryptPrimitives.dll
0x00007ff9d93b0000 - 0x00007ff9d93be000 	C:\Users\Syrax\.jdks\openjdk-18.0.1.1\bin\instrument.dll
0x00007ff9c04b0000 - 0x00007ff9c04d5000 	C:\Users\Syrax\.jdks\openjdk-18.0.1.1\bin\java.dll
0x00007ff9be4d0000 - 0x00007ff9be5a6000 	C:\Users\Syrax\.jdks\openjdk-18.0.1.1\bin\jsvml.dll
0x00007ff9df830000 - 0x00007ff9dff74000 	C:\WINDOWS\System32\SHELL32.dll
0x00007ff9dba50000 - 0x00007ff9dc1e4000 	C:\WINDOWS\SYSTEM32\windows.storage.dll
0x00007ff9e05f0000 - 0x00007ff9e0944000 	C:\WINDOWS\System32\combase.dll
0x00007ff9dda00000 - 0x00007ff9dda30000 	C:\WINDOWS\SYSTEM32\Wldp.dll
0x00007ff9e0240000 - 0x00007ff9e02ed000 	C:\WINDOWS\System32\SHCORE.dll
0x00007ff9e02f0000 - 0x00007ff9e0345000 	C:\WINDOWS\System32\shlwapi.dll
0x00007ff9ddff0000 - 0x00007ff9de00f000 	C:\WINDOWS\SYSTEM32\profapi.dll
0x00007ff9bffc0000 - 0x00007ff9bffd8000 	C:\Users\Syrax\.jdks\openjdk-18.0.1.1\bin\zip.dll
0x00007ff9c0430000 - 0x00007ff9c0443000 	C:\Users\Syrax\.jdks\openjdk-18.0.1.1\bin\net.dll
0x00007ff9c6880000 - 0x00007ff9c698a000 	C:\WINDOWS\SYSTEM32\WINHTTP.dll
0x00007ff9dd7b0000 - 0x00007ff9dd81a000 	C:\WINDOWS\system32\mswsock.dll
0x00007ff9c0210000 - 0x00007ff9c0226000 	C:\Users\Syrax\.jdks\openjdk-18.0.1.1\bin\nio.dll

dbghelp: loaded successfully - version: 4.0.5 - missing functions: none
symbol engine: initialized successfully - sym options: 0x614 - pdb path: .;C:\Users\Syrax\.jdks\openjdk-18.0.1.1\bin;C:\WINDOWS\SYSTEM32;C:\WINDOWS\WinSxS\amd64_microsoft.windows.common-controls_6595b64144ccf1df_6.0.19041.1110_none_60b5254171f9507e;C:\Users\Syrax\.jdks\openjdk-18.0.1.1\bin\server

VM Arguments:
jvm_args: -javaagent:E:\Самая новая Идея\IntelliJ IDEA 2022.1.3\lib\idea_rt.jar=57926:E:\Самая новая Идея\IntelliJ IDEA 2022.1.3\bin -Dfile.encoding=windows-1251 
java_command: hiber.MainApp
java_class_path (initial): E:\Java\Kata\MySQLServer\SQLCommunityServer\mysql_connector_java_8.0.29.jar;E:\Java\Kata\Spring\PP_2_2_1_spring_hibernate\2.2.1. spring_hibernate\target\classes;C:\Users\Syrax\.m2\repository\org\springframework\spring-context\5.3.14\spring-context-5.3.14.jar;C:\Users\Syrax\.m2\repository\org\springframework\spring-aop\5.3.14\spring-aop-5.3.14.jar;C:\Users\Syrax\.m2\repository\org\springframework\spring-beans\5.3.14\spring-beans-5.3.14.jar;C:\Users\Syrax\.m2\repository\org\springframework\spring-core\5.3.14\spring-core-5.3.14.jar;C:\Users\Syrax\.m2\repository\org\springframework\spring-jcl\5.3.14\spring-jcl-5.3.14.jar;C:\Users\Syrax\.m2\repository\org\springframework\spring-expression\5.3.14\spring-expression-5.3.14.jar;C:\Users\Syrax\.m2\repository\org\springframework\spring-orm\5.3.14\spring-orm-5.3.14.jar;C:\Users\Syrax\.m2\repository\org\springframework\spring-jdbc\5.3.14\spring-jdbc-5.3.14.jar;C:\Users\Syrax\.m2\repository\org\springframework\spring-tx\5.3.14\spring-tx-5.3.14.jar;C:\Users\Syrax\.m2\repository\org\hibernate\hibernate-core\5.6.3.Final\hibernate-core-5.6.3.Final.jar;C:\Users\Syrax\.m2\repository\org\jboss\logging\jboss-logging\3.4.2.Final\jboss-logging-3.4.2.Final.jar;C:\Users\Syrax\.m2\repository\javax\persistence\javax.persistence-api\2.2\javax.persistence-api-2.2.jar;C:\Users\Syrax\.m2\repository\net\bytebuddy\byte-buddy\1.11.20\byte-buddy-1.11.20.jar;C:\Users\Syrax\.m2\repository\antlr\antlr\2.7.7\antlr-2.7.7.jar;C:\Users\Syrax\.m2\repository\org\jboss\spec\javax\transaction\jboss-transaction-api_1.2_spec\1.1.1.Final\jboss-transaction-api_1.2_spec-1.1.1.Final.jar;C:\Users\Syrax\.m2\repository\org\jboss\jandex\2.2.3.Final\jandex-2.2.3.Final.jar;C:\Users\Syrax\.m2\repository\com\fasterxml\classmate\1.5.1\classmate-1.5.1.jar;C:\Users\Syrax\.m2\repository\javax\activation\javax.activation-api\1.2.0\javax.activation-api-1.2.0.jar;C:\Users\Syrax\.m2\repository\org\hibernate\common\hibernate-commons-annotations\5.1.2.Final\hibernate-commons-annotations-5.1.2.Final.jar;C:\Users\Syrax\.m2\repository\javax\xml\bind\jaxb-api\2.3.1\jaxb-api-2.3.1.jar;C:\Users\Syrax\.m2\repository\org\glassfish\jaxb\jaxb-runtime\2.3.1\jaxb-runtime-2.3.1.jar;C:\Users\Syrax\.m2\repository\org\glassfish\jaxb\txw2\2.3.1\txw2-2.3.1.jar;C:\Users\Syrax\.m2\repository\com\sun\istack\istack-commons-runtime\3.0.7\istack-commons-runtime-3.0.7.jar;C:\Users\Syrax\.m2\repository\org\jvnet\staxex\stax-ex\1.8\stax-ex-1.8.jar;C:\Users\Syrax\.m2\repository\com\sun\xml\fastinfoset\FastInfoset\1.2.15\FastInfoset-1.2.15.jar;C:\Users\Syrax\.m2\repository\mysql\mysql-connector-java\8.0.25\mysql-connector-java-8.0.25.jar;C:\Users\Syrax\.m2\repository\com\google\protobuf\protobuf-java\3.11.4\protobuf-java-3.11.4.jar
Launcher Type: SUN_STANDARD

[Global flags]
     intx CICompilerCount                          = 4                                         {product} {ergonomic}
     uint ConcGCThreads                            = 3                                         {product} {ergonomic}
     uint G1ConcRefinementThreads                  = 10                                        {product} {ergonomic}
   size_t G1HeapRegionSize                         = 2097152                                   {product} {ergonomic}
    uintx GCDrainStackTargetSize                   = 64                                        {product} {ergonomic}
   size_t InitialHeapSize                          = 266338304                                 {product} {ergonomic}
   size_t MarkStackSize                            = 4194304                                   {product} {ergonomic}
   size_t MaxHeapSize                              = 4244635648                                {product} {ergonomic}
   size_t MaxNewSize                               = 2545942528                                {product} {ergonomic}
   size_t MinHeapDeltaBytes                        = 2097152                                   {product} {ergonomic}
   size_t MinHeapSize                              = 8388608                                   {product} {ergonomic}
    uintx NonNMethodCodeHeapSize                   = 5839372                                {pd product} {ergonomic}
    uintx NonProfiledCodeHeapSize                  = 122909434                              {pd product} {ergonomic}
    uintx ProfiledCodeHeapSize                     = 122909434                              {pd product} {ergonomic}
    uintx ReservedCodeCacheSize                    = 251658240                              {pd product} {ergonomic}
     bool SegmentedCodeCache                       = true                                      {product} {ergonomic}
   size_t SoftMaxHeapSize                          = 4244635648                             {manageable} {ergonomic}
     bool UseCompressedClassPointers               = true                           {product lp64_product} {ergonomic}
     bool UseCompressedOops                        = true                           {product lp64_product} {ergonomic}
     bool UseG1GC                                  = true                                      {product} {ergonomic}
     bool UseLargePagesIndividualAllocation        = false                                  {pd product} {ergonomic}

Logging:
Log output configuration:
 #0: stdout all=warning uptime,level,tags foldmultilines=false
 #1: stderr all=off uptime,level,tags foldmultilines=false

Environment Variables:
JAVA_HOME=C:\Program Files\Java\jdk-17.0.3.1
PATH=C:\Program Files\Java\jdk-17.0.3.1\bin;C:\Program Files\Common Files\Oracle\Java\javapath;C:\Program Files (x86)\Common Files\Oracle\Java\javapath;C:\Program Files\Java\jre1.8.0_281\bin;E:\JDK\bin;C:\Windows\system32;C:\Windows;C:\Windows\System32\Wbem;C:\Windows\System32\WindowsPowerShell\v1.0\;C:\Windows\System32\OpenSSH\;C:\Program Files (x86)\NVIDIA Corporation\PhysX\Common;C:\Program Files\NVIDIA Corporation\NVIDIA NvDLISR;C:\Program Files (x86)\HP\Common\HPDestPlgIn\;E:\Проги\Git\cmd;C:\WINDOWS\system32;C:\WINDOWS;C:\WINDOWS\System32\Wbem;C:\WINDOWS\System32\WindowsPowerShell\v1.0\;C:\WINDOWS\System32\OpenSSH\;C:\Program Files (x86)\Calibre2\;;C:\Program Files\Docker\Docker\resources\bin;C:\ProgramData\DockerDesktop\version-bin;C:\Users\Syrax\AppData\Local\Microsoft\WindowsApps;C:\Program Files (x86)\HP\Common\HPDestPlgIn\;C:\Users\Syrax\AppData\Local\GitHubDesktop\bin;E:\Самая новая Идея\IntelliJ IDEA 2022.1.3\bin;
USERNAME=Syrax
OS=Windows_NT
PROCESSOR_IDENTIFIER=Intel64 Family 6 Model 165 Stepping 2, GenuineIntel



---------------  S Y S T E M  ---------------

OS:
 Windows 10 , 64 bit Build 19041 (10.0.19041.1889)
OS uptime: 1 days 11:43 hours
Hyper-V role detected

CPU: total 12 (initial active 12) (6 cores per cpu, 2 threads per core) family 6 model 165 stepping 2 microcode 0xc8, cx8, cmov, fxsr, ht, mmx, 3dnowpref, sse, sse2, sse3, ssse3, sse4.1, sse4.2, popcnt, lzcnt, tsc, tscinvbit, avx, avx2, aes, erms, clmul, bmi1, bmi2, adx, fma, vzeroupper, clflush, clflushopt, hv

Memory: 4k page, system-wide physical 16185M (3296M free)
TotalPageFile size 19104M (AvailPageFile size 360M)
current process WorkingSet (physical memory assigned to process): 59M, peak: 59M
current process commit charge ("private bytes"): 357M, peak: 357M

vm_info: OpenJDK 64-Bit Server VM (18.0.1.1+2-6) for windows-amd64 JRE (18.0.1.1+2-6), built on Apr 25 2022 21:50:56 by "mach5one" with MS VC++ 16.8 / 16.9 (VS2019)

END.
